<?xml version="1.0" encoding="UTF-8"?>
<!-- Generated by org.testng.reporters.JUnitXMLReporter -->
<testsuite ignored="1" hostname="DESKTOP-1E7MQ28" failures="0" tests="4" name="logintest_sanity" time="18.442" errors="0" timestamp="2024-06-07T18:32:05 IST">
  <testcase classname="testcases.LoginTest" name="loginTest" time="1.12"/>
  <testcase classname="testcases.LoginTest" name="loginTest" time="1.045"/>
  <testcase classname="testcases.LoginTest" name="loginTest" time="1.031"/>
  <testcase classname="testcases.LoginTest" name="loginTest" time="1.067"/>
  <testcase classname="testcases.LoginTest" name="loginTestpostive" time="0.0">
    <ignored/>
  </testcase> <!-- loginTestpostive -->
</testsuite> <!-- logintest_sanity -->
