<?xml version="1.0" encoding="UTF-8"?>
<!-- Generated by org.testng.reporters.JUnitXMLReporter -->
<testsuite ignored="1" hostname="DESKTOP-1E7MQ28" failures="0" tests="4" name="logintest_sanity" time="19.024" errors="0" timestamp="2024-05-30T15:03:54 IST">
  <testcase classname="testcases.LoginTest" name="loginTest" time="1.181"/>
  <testcase classname="testcases.LoginTest" name="loginTest" time="1.152"/>
  <testcase classname="testcases.LoginTest" name="loginTest" time="1.092"/>
  <testcase classname="testcases.LoginTest" name="loginTest" time="1.249"/>
  <testcase classname="testcases.LoginTest" name="loginTestpostive" time="0.0">
    <ignored/>
  </testcase> <!-- loginTestpostive -->
</testsuite> <!-- logintest_sanity -->
