<?xml version="1.0" encoding="UTF-8"?>
<!-- Generated by org.testng.reporters.JUnitXMLReporter -->
<testsuite ignored="0" hostname="DESKTOP-1E7MQ28" failures="0" tests="3" name="chromebrowser" time="18.103" errors="0" timestamp="2024-05-27T17:03:02 IST">
  <testcase classname="testcases.NotebookPageTest" name="computerTest" time="1.963"/>
  <testcase classname="testcases.ComputerPageTest" name="checkImageAndTextPresent" time="0.664"/>
  <testcase classname="testcases.ComputerPageTest" name="checkNavigation" time="3.193"/>
</testsuite> <!-- chromebrowser -->
