<?xml version="1.0" encoding="UTF-8"?>
<!-- Generated by org.testng.reporters.JUnitXMLReporter -->
<testsuite ignored="2" hostname="DESKTOP-1E7MQ28" failures="0" tests="3" name="chromebrowser" time="16.206" errors="0" timestamp="2024-06-04T18:41:25 IST">
  <testcase classname="testcases.NotebookPageTest" name="computerTest" time="1.551"/>
  <testcase classname="testcases.ComputerPageTest" name="checkImageAndTextPresent" time="0.683"/>
  <testcase classname="testcases.ComputerPageTest" name="checkNavigation" time="4.153"/>
  <testcase classname="com.base.Base" name="@AfterSuite closeExtentReport" time="0.0">
    <ignored/>
  </testcase> <!-- @AfterSuite closeExtentReport -->
  <testcase classname="com.base.Base" name="@BeforeSuite extentReportStart" time="0.0">
    <ignored/>
  </testcase> <!-- @BeforeSuite extentReportStart -->
</testsuite> <!-- chromebrowser -->
