<?xml version="1.0" encoding="UTF-8"?>
<!-- Generated by org.testng.reporters.JUnitXMLReporter -->
<testsuite ignored="0" hostname="DESKTOP-1E7MQ28" failures="0" tests="3" name="firefox" time="19.438" errors="0" timestamp="2024-05-27T17:03:03 IST">
  <testcase classname="testcases.NotebookPageTest" name="computerTest" time="2.11"/>
  <testcase classname="testcases.ComputerPageTest" name="checkImageAndTextPresent" time="0.629"/>
  <testcase classname="testcases.ComputerPageTest" name="checkNavigation" time="4.109"/>
</testsuite> <!-- firefox -->
