<?xml version="1.0" encoding="UTF-8"?>
<testng-results ignored="2" total="5" passed="3" failed="0" skipped="0">
  <reporter-output>
  </reporter-output>
  <suite started-at="2024-06-05T12:17:15 IST" name="SmokeTest" finished-at="2024-06-05T12:17:25 IST" duration-ms="10472">
    <groups>
      <group name="Smoke">
        <method signature="ComputerPageTest.checkImageAndTextPresent()[pri:0, instance:testcases.ComputerPageTest@4efbca5a]" name="checkImageAndTextPresent" class="testcases.ComputerPageTest"/>
        <method signature="ComputerPageTest.checkNavigation()[pri:0, instance:testcases.ComputerPageTest@4efbca5a]" name="checkNavigation" class="testcases.ComputerPageTest"/>
        <method signature="NotebookPageTest.computerTest()[pri:0, instance:testcases.NotebookPageTest@1623b78d]" name="computerTest" class="testcases.NotebookPageTest"/>
      </group> <!-- Smoke -->
    </groups>
    <test started-at="2024-06-05T12:17:15 IST" name="Test" finished-at="2024-06-05T12:17:25 IST" duration-ms="10472">
      <class name="testcases.NotebookPageTest">
        <test-method is-config="true" signature="extentReportStart()[pri:0, instance:testcases.NotebookPageTest@1623b78d]" started-at="2024-06-05T12:17:15 IST" name="extentReportStart" finished-at="2024-06-05T12:17:15 IST" duration-ms="233" status="PASS">
          <reporter-output>
          </reporter-output>
        </test-method> <!-- extentReportStart -->
        <test-method is-config="true" signature="before(java.lang.String)[pri:0, instance:testcases.NotebookPageTest@1623b78d]" started-at="2024-06-05T12:17:15 IST" name="before" finished-at="2024-06-05T12:17:19 IST" duration-ms="3854" status="PASS">
          <params>
            <param index="0">
              <value>
                <![CDATA[chrome]]>
              </value>
            </param>
          </params>
          <reporter-output>
          </reporter-output>
        </test-method> <!-- before -->
        <test-method signature="computerTest()[pri:0, instance:testcases.NotebookPageTest@1623b78d]" started-at="2024-06-05T12:17:19 IST" name="computerTest" finished-at="2024-06-05T12:17:20 IST" duration-ms="1451" status="PASS">
          <reporter-output>
          </reporter-output>
        </test-method> <!-- computerTest -->
        <test-method is-config="true" signature="tearDown()[pri:0, instance:testcases.NotebookPageTest@1623b78d]" started-at="2024-06-05T12:17:20 IST" name="tearDown" finished-at="2024-06-05T12:17:20 IST" duration-ms="214" status="PASS">
          <reporter-output>
          </reporter-output>
        </test-method> <!-- tearDown -->
        <test-method is-config="true" signature="closeExtentReport()[pri:0, instance:testcases.NotebookPageTest@1623b78d]" started-at="2024-06-05T12:17:25 IST" name="closeExtentReport" finished-at="2024-06-05T12:17:26 IST" duration-ms="219" status="PASS">
          <reporter-output>
          </reporter-output>
        </test-method> <!-- closeExtentReport -->
      </class> <!-- testcases.NotebookPageTest -->
      <class name="testcases.ComputerPageTest">
        <test-method is-config="true" signature="before(java.lang.String)[pri:0, instance:testcases.ComputerPageTest@4efbca5a]" started-at="2024-06-05T12:17:15 IST" name="before" finished-at="2024-06-05T12:17:18 IST" duration-ms="3262" status="PASS">
          <params>
            <param index="0">
              <value>
                <![CDATA[chrome]]>
              </value>
            </param>
          </params>
          <reporter-output>
          </reporter-output>
        </test-method> <!-- before -->
        <test-method signature="checkImageAndTextPresent()[pri:0, instance:testcases.ComputerPageTest@4efbca5a]" started-at="2024-06-05T12:17:18 IST" name="checkImageAndTextPresent" finished-at="2024-06-05T12:17:20 IST" duration-ms="1720" status="PASS">
          <reporter-output>
          </reporter-output>
        </test-method> <!-- checkImageAndTextPresent -->
        <test-method is-config="true" signature="tearDown()[pri:0, instance:testcases.ComputerPageTest@4efbca5a]" started-at="2024-06-05T12:17:20 IST" name="tearDown" finished-at="2024-06-05T12:17:20 IST" duration-ms="154" status="PASS">
          <reporter-output>
          </reporter-output>
        </test-method> <!-- tearDown -->
        <test-method is-config="true" signature="before(java.lang.String)[pri:0, instance:testcases.ComputerPageTest@4efbca5a]" started-at="2024-06-05T12:17:20 IST" name="before" finished-at="2024-06-05T12:17:21 IST" duration-ms="1463" status="PASS">
          <params>
            <param index="0">
              <value>
                <![CDATA[chrome]]>
              </value>
            </param>
          </params>
          <reporter-output>
          </reporter-output>
        </test-method> <!-- before -->
        <test-method signature="checkNavigation()[pri:0, instance:testcases.ComputerPageTest@4efbca5a]" started-at="2024-06-05T12:17:21 IST" name="checkNavigation" finished-at="2024-06-05T12:17:25 IST" duration-ms="3714" status="PASS">
          <reporter-output>
          </reporter-output>
        </test-method> <!-- checkNavigation -->
        <test-method is-config="true" signature="tearDown()[pri:0, instance:testcases.ComputerPageTest@4efbca5a]" started-at="2024-06-05T12:17:25 IST" name="tearDown" finished-at="2024-06-05T12:17:25 IST" duration-ms="130" status="PASS">
          <reporter-output>
          </reporter-output>
        </test-method> <!-- tearDown -->
      </class> <!-- testcases.ComputerPageTest -->
    </test> <!-- Test -->
  </suite> <!-- SmokeTest -->
</testng-results>
