<?xml version="1.0" encoding="UTF-8"?>
<!-- Generated by org.testng.reporters.JUnitXMLReporter -->
<testsuite ignored="1" hostname="DESKTOP-1E7MQ28" failures="0" tests="3" name="completeFlow" time="29.681" errors="0" timestamp="2024-05-24T15:22:42 IST">
  <testcase classname="testcases.LoginTest" name="loginTestpostive" time="1.483"/>
  <testcase classname="testcases.MacbookTest" name="producttest" time="1.914"/>
  <testcase classname="testcases.CartTest" name="checkCartProductprice" time="18.161"/>
  <testcase classname="testcases.LoginTest" name="loginTest" time="0.0">
    <ignored/>
  </testcase> <!-- loginTest -->
</testsuite> <!-- completeFlow -->
