<?xml version="1.0" encoding="UTF-8"?>
<!-- Generated by org.testng.reporters.JUnitXMLReporter -->
<testsuite ignored="1" hostname="DESKTOP-1E7MQ28" failures="0" tests="5" name="Test" time="90.072" errors="0" timestamp="2024-05-27T12:10:49 IST">
  <testcase classname="testcases.RegisterTest" name="register" time="14.553"/>
  <testcase classname="testcases.LoginTest" name="loginTestpostive" time="2.048"/>
  <testcase classname="testcases.MacbookTest" name="producttest" time="2.505"/>
  <testcase classname="testcases.CartTest" name="checkCartProductprice" time="19.048"/>
  <testcase classname="testcases.CheckoutPageTest" name="completeOrder" time="35.345"/>
  <testcase classname="testcases.LoginTest" name="loginTest" time="0.0">
    <ignored/>
  </testcase> <!-- loginTest -->
</testsuite> <!-- Test -->
