<?xml version="1.0" encoding="UTF-8"?>
<!-- Generated by org.testng.reporters.JUnitXMLReporter -->
<testsuite ignored="2" hostname="DESKTOP-1E7MQ28" failures="0" tests="3" name="Test" time="13.759" errors="0" timestamp="2024-06-03T18:40:25 IST">
  <testcase classname="testcases.ComputerPageTest" name="checkImageAndTextPresent" time="0.634"/>
  <testcase classname="testcases.NotebookPageTest" name="computerTest" time="2.574"/>
  <testcase classname="testcases.ComputerPageTest" name="checkNavigation" time="5.266"/>
  <testcase classname="com.base.Base" name="@AfterSuite closeExtentReport" time="0.0">
    <ignored/>
  </testcase> <!-- @AfterSuite closeExtentReport -->
  <testcase classname="com.base.Base" name="@BeforeSuite extentReportStart" time="0.0">
    <ignored/>
  </testcase> <!-- @BeforeSuite extentReportStart -->
</testsuite> <!-- Test -->
